[46] Mac App Store: The Subtle Exodus (milen)
[72] FormatJS – Internationalize your web apps on the client and server (juandopazo)
[110] Firefox 33 (digitalcreate)
[124] Brad Fitzpatrick on the future of the Go programming language (sylvinus)
[23] What would happen in the ocean if we went quiet? (pepys)
[11] Startup School 2014 Recap and Videos (katm)
[53] Analysis of the Linux backdoor used in Freenode IRC network compromise (noinsight)
[12] Show HN: HNText – Top stories daily cleaned for readability (bckmn)
[22] The Great Tomb in Amphipolis, Greece (chillax)
[1] Airware (YC W13) is building commercial drones in downtown SF (jbdowney)
[12] Simulating the emergent behavior of ant colonies (nithinbekal)
[39] Show HN: Closing Call – Hacker News for Sales (ryangum)
[8] JavaScript Performance in Windows 10 Technical Preview (Flenser)
[47] The world's largest library of historical European martial arts books (Tomte)
[28] Ireland to Phase Out Tax Advantage Used by Technology Firms (radley)
[124] Swarm.js and React – Real-time, offline-ready web apps (danabramov)
[9] Priscilla Chan and Mark Zuckerberg Donating $25M to the CDC Foundation (geetee)
[6] Me and my 'useless' gall bladder (dnetesn)
[124] XOS: Build your own operating system (gphilip)
[509] My Philosophy on Alerting: Observations of a Site Reliability Engineer at Google (ismavis)
[5] Show HN: Bliive -Using your free time as currency (murilomafra)
[287] Always bet on text (walrus)
[172] iSIGHT discovers vulnerability used in Russian cyber-espionage campaign (nikentic)
[4] Dreaming a Different Apollo (srikar)
[59] Conkeror – Keyboard-oriented, customizable, extensible web browser (freeman478)
[89] Setback: A $58,000 lesson in mid-volume manufacturing (schappim)
[3] SOM: A minimal Smalltalk for teaching of and research on Virtual Machines (smarr)
[150] Google May Lead $500M Round in Magic Leap Virtual Reality Tech (ebabchick)
[261] On Getting Wasted (dnetesn)
[31] Everyone knows it’s broken (uptown)
[146] Disney’s New Production Renderer ‘Hyperion’ (mineral_or_veg)
[3] For Example (2013) (callum85)
[57] Web-Era Trade Schools, Feeding a Need for Code (constantinum)
[8] Deploying a multi-node ElasticSearch-Logstash-Kibana cluster using Docker (old-gregg)
[1] HelloSign Is Looking for a DevOps Engineer (YC W11) (burnout1540)
[61] The Human Factor – the 2009 crash of Air France Flight 447 (celadevra_)
[170] The Future of Emacs, Guile, and Emacs Lisp (signa11)
[122] The difficulties we face to monetize our open source project (audionerd)
[52] Scientific Stagnation (ironchief)
[206] Show HN: Snapception – Intercept all snapchats received over the network (thebradbain)
[181] Following a Select Statement Through Postgres Internals (craigkerstiens)
[69] Unsticker Me – Get rid of Facebook stickers in comments (folz)
[118] Why I Love Startup School (katm)
[12] New Manhattan Tower Is Now the Tallest (applecore)
[33] Secrets of the Little Blue Box (1971) (daddy_drank)
[145] The Free Internet Project (greenyoda)
[62] Lone Geniuses Are Overrated (tokenadult)
[124] Losing 58.3 Lbs for Science (zt)
[137] Why threads can't fork (akerl_)
[132] Startup School Doodle Notes 2014 (gkoberger)
[4] Payments = Growth (lylemckeany)
[1] SmartAsset Is Looking for Developers (Java, Front-End) in NYC (philipcamilleri)
[6] 7M Dropbox username/password pairs apparently leaked (hashx)
[151] AngularJS 1.3.0 (EugeneOZ)
[9] Gamifying Conways Game of Life – Round 1 (knappador)
[374] One Less Password (cpeterso)
[112] The Unix System: Making Computers Easier to Use (1982) [video] (shawndumas)
[121] Show HN: Avremu – An 8-Bit Microcontroller in Pure LaTeX (stettberger)
[72] Fun with Dependent Types in Haskell (lelf)
[16] Slightly Skeptical View on Sorting Algorithms (nkurz)
[691] Rolling Shutters (hazz)
[70] Ethersheet – An open-source collaborative spreadsheet (cooperq)
[98] Stop and Seize (misiti3780)
[82] Humans are not constraint solvers (miguelferreira)
[55] SparkFun MicroView Review (unwind)
[66] Distributed is not necessarily more scalable than centralized (mad44)
[3] Nasty SSL 3.0 vuln to be revealed soon? (fredkelly)
[145] The Space Shuttle’s Controversial Launch Abort Plan (ironchief)
[26] Google Express: more cities, more stores and a new name (ismavis)
[116] An open source tool to generate a complete backend from a MySql database (jonseg)
[27] Training for the End of the World as We Know It (dctoedt)
[69] Why Does Spain Have the World's Highest Concentration of Elevators? (curtis)
[42] Find the best path to any person or company (alexeichemenda)
[97] When Theft Was Worse Than Murder (dnetesn)
[8] Domain squatter wants $150,000 for Ebola.com (jamessun)
[67] Arrow's Theorem (infinity)
[26] Is “Huh?” a Universal Word? (mbrubeck)
[13] How to Hire the Best Growth Consultant for Your Startup (MarketerGraham)
[4] Photographing the Guillotine (omnibrain)
[1] Heap is hiring engineers to build a new approach to analytics (matm)
[5] Snapchat murders Facebook (totoroisalive)
[251] How Wolves Change Rivers [video] (enraged_camel)
[69] Dronecode – Open source UAV platform (privong)
[38] Performance and Opportunities of HTTP 2.0 (stephenitis)
[15] Real-time map of Uber surge pricing (markmassie)
[3] Facebook Founder Mark Zuckerberg Kicks in $25M for Ebola (bhouston)
[52] SSL 3.0 Vulnerability dropping tomorrow (amingilani)
[130] Dropbox wasn't hacked (dctrwatson)
[4] Google Introduces a $95 Amazon Prime Competitor (boynamedsue)
[341] From Novice to Master, and Back Again (walrus)
[293] Building Web Apps with Go (linhmtran168)
[34] Show HN: “Active Code” in Markdown (chriswarbo)
[12] What’s wrong with Angular.js (gelnior)
[106] Homebrew Cray-1A (nilicule)
[76] Last Time It Was This Crazy, the Stock Market Crashed (dsirijus)
[177] Why your first Rust FizzBuzz implementation may not work (chrismorgan)
[46] Life in the Americas Before Columbus (2002) (benbreen)
[5] Lightweight X Desktop 0.8.0 with full Qt5 compatibility released (guardian5x)
[160] Manipulate audio with a simple Python library (coppolaemilio)
[15] Intro to D3 (strzalek)
