[214] Manyland (antoinec)
[40] Startup School Silicon Valley 2014 Live Stream (kevin)
[18] The man who built the online attendance system for India’s government officials (aptwebapps)
[53] The Internet of Someone Else’s Things (BIackSwan)
[113] Aptly: Owning Your Debian Distribution (smira)
[4] The Story of the PING Program (1997) (julien421)
[48] Show HN: One Adaptive API for Dropbox, Google Drive, OneDrive (cloudrail)
[107] The Microsoft Empire Reboots (aseem)
[106] A veteran teacher turned coach shadows two students for two days (MrMrtn)
[207] Core Secrets: NSA Saboteurs in China and Germany (patrickgokey)
[57] Kaya: Declarative Reactive (david927)
[52] Decrypting Android Snapchat images (fla)
[239] Why 12-Foot Traffic Lanes Are Disastrous for Safety (mortenjorck)
[3] The Yankee Comandante (2012) (benbreen)
[51] Front-end performance heatmap bookmarklet (leonvonblut)
[310] What will it take to run a 2-hour marathon? (neonkiwi)
[95] 'Citizenfour' Reveals Existence of Second NSA Whistleblower (eplanit)
[316] Pigshell – Unix the Web (nmcfarl)
[35] The Internet has made defensive writers of us all (gourlaysama)
[240] How does a fighter jet lock onto and keep track of an enemy aircraft? (2013) (KhalilK)
[84] End the U.S. Embargo on Cuba (rodrigocoelho)
[1] DevOps and Ruby Engineers – Swiftype Is Hiring in SF (qhoxie)
[225] Judge Rejects Defense That FBI Illegally Hacked Silk Road, on a Technicality (ssclafani)
[30] The Liar's Tell: Is Paul Ekman Stretching the Truth? (drjohnson)
[5] Using knitr and pandoc to create reproducible scientific reports (leephillips)
[112] Things I Won't Work With: Peroxide Peroxides (joe_bleau)
[108] Dropbox confirms that a bug within Selective Sync may have caused data loss (ghuntley)
[128] What makes for a stable marriage? (rhiever)
[61] Lua metacompiler (walterbell)
[155] Our Journey to and Through YC (sama)
[59] Rare images document the centuries-long history of Africans in India (benbreen)
[30] V.I. Arnold, On teaching mathematics (1997) (mr_tyzic)
[41] A command line interface for 1Password (lukashed)
[28] For 50 Years, Nuclear Bomb Lost in Watery Grave (2008) (theoutlander)
[158] Sci-Fi Novels You Should Read (smoyer)
[96] Behind League of Legends, E-Sports’s Main Attraction (murtali)
[129] Microsoft’s Quantum Mechanics (finisterre)
[113] Move Fast, Don't Break Your API (ewang1)
[132] DEFCON Router Hacking Contest Reveals Major Vulnerabilities (Garbage)
[132] Spark Breaks Previous Large-Scale Sort Record (metronius)
[209] Paul Graham and Jessica Livingston Interview [video] (ynotgiant)
[16] The Birth of Pong (ohaikbai)
[179] Rich Command Shells (BruceM)
[103] Ride Sharing by the Numbers (ignatiusjr)
[44] Show HN: Minard's map of Napoleon's invasion of Russia (clured)
[1] HelloSign (YC W11) Is Hiring a DevOps Engineer Who Loves Puppet and ELK (burnout1540)
[138] Excel.vim (johannh)
[62] Pash: An Open-Source Reimplementation of Windows PowerShell for Mono (mwcampbell)
[70] Transducers for JavaScript (dahjelle)
[77] 'Bad Paper' Explores the Underworld of Debt Collection (thejteam)
[155] The Toughest Adversity I've Ever Faced (scobar)
[57] Famed Antikythera wreck yields more treasures (Thevet)
[199] Lecture 6: How to Start a Startup (kqr2)
[3] Show HN: Reimplementation of Facebook Flux Example in Scala.js (forty)
[40] Design of Facebook Homogenizes Identity and Limits Personal Representation (jkiuu)
[63] Second Graders Treated to a Seven-Course $220 Tasting Meal [video] (learc83)
[27] Rock Paper Scissors Programming Competition (bvaldivielso)
[1010] GitHub Student Developer Pack (dctrwatson)
[6] Skylable Secures Investment from Sunstone for Open Source Storage (jodok)
[51] Using Presto in Our Big Data Platform on AWS (ddispaltro)
[77] Bicycle helmets do almost nothing to prevent concussions (acsillag)
[297] CSS: It was twenty years ago today (ggurgone)
[65] Are We Really Conscious? (dctoedt)
[47] Transducers now available for Java/JavaScript/Ruby (siavosh)
[66] Is ZFS a suitable replacement for other Linux filesystems? (lewq)
[627] Tilde.Club: I had a couple drinks and woke up with 1,000 nerds (libovness)
[1] Teespring (YC W13) Is Looking for Sr. Front-end Engineers to Help Scale Growth (estitesc)
[445] Move Fast and Break Nothing (bpierre)
[352] My Isometric Voxel Engine: One Year Later (gavanwoolery)
[24] Only 100 cybercrime brains worldwide says Europol boss (T-A)
[46] A wage revolution could end extreme poverty in Asia (nbouscal)
[113] My Lisp Experiences and the Development of GNU Emacs (2002) (shawndumas)
[12] Flipboard's Approach to Automatic Summarization (tomkwok)
[293] Google Now vs. Siri vs. Cortana – The Great Knowledge Box Showdown (nreece)
[142] Termtris: A Game Like Tetris in Ten Functions (tylerneylon)
[87] 40,000 suicides annually, yet America simply shrugs (robg)
[515] Redis cluster, no longer vaporware (untothebreach)
[422] Intel Underestimates Error Bounds by 1.3 Quintillion (ghusbands)
[36] Improvisation: Automating Music Composition and Melody Generation (anubiann00b)
[1019] The Horror of a 'Secure Golden Key' (jashkenas)
[7] Former NSA director had thousands personally invested in obscure tech firms (kyleblarson)
[104] Pulse: open, trustworthy, decentralised sync and cloud service (nreece)
[45] The future of the book (e15ctr0n)
[17] Building A Better Build: Our Transition From Ant To SBT (metaprinter)
[38] The Struggles of a Psychologist Studying Self-Control (grej)
[6] Cheat: A minimal unit testing framework for the C programming language (nkurz)
[1] SimplyInsured (YC W13) Is Hiring Sales – Change Healthcare Forever (vivekajayshah)
[35] Estonia Everybody! Freedom Reigned (rudolfosman)
[36] Behind OS X’s modern face lies an aging collection of Unix tools (ingve)
[7] Spain’s bloody history gave it the world’s highest concentration of elevators (r0h1n)
[28] Filtergraph (DontGiveTwoFlux)
[278] Rust 0.12.0 released (bilalhusain)
[33] What’s All This Widlar Stuff, Anyhow? (1991) (nazri1)
[59] The Birth of Visual Basic (2006) (radmuzom)
[38] Show HN: Jobs for software developers delivered to your inbox (wnm)
[1712] Hacker News API (kevin)
[6] Secretive Company Claims Battery Breakthrough (miraj)
[27] Human vs. Squirrel: The Battle of Wits Is On (dnetesn)
[27] What Old Transit Maps Can Teach Us About a City's Future (benbreen)
[26] The Artist of the Unbreakable Code (dnetesn)
