[120] Show HN: Snapception – Intercept all snapchats received over the network (thebradbain)
[36] The Free Internet Project (greenyoda)
[81] Following a Select Statement Through Postgres Internals (craigkerstiens)
[44] Startup School Doodle Notes 2014 (gkoberger)
[41] First Impressions of Systemd, and They Are Not Good (alrs)
[1] Give Our Customers Some Love as a Customer Advocate at True Link (YC S13) (clairethere)
[68] When Theft Was Worse Than Murder (dnetesn)
[12] “Complete Acquiesence”: How the Pontiac Aztek Happened (DavidChouinard)
[48] Why threads can't fork (akerl_)
[28] The problematic culture of “Worse is Better” (jamii)
[75] The Unix System: Making Computers Easier to Use (1982) [video] (shawndumas)
[25] Life in the Americas Before Columbus (2002) (benbreen)
[634] Rolling Shutters (hazz)
[6] My Philosophy on Alerting: Observations of a Site Reliability Engineer at Google (ismavis)
[47] Humans are not constraint solvers (miguelferreira)
[207] How Wolves Change Rivers [video] (enraged_camel)
[15] “Without his shoes, I couldn’t walk”: a cobbler with a mission (mdturnerphys)
[100] Show HN: Avremu – An 8-Bit Microcontroller in Pure LaTeX (stettberger)
[268] Building Web Apps with Go (linhmtran168)
[5] Drugs flushed into the environment could be cause of some wildlife decline (Thevet)
[75] Linux 3.17 (diegocg)
[34] Arrow's Theorem (infinity)
[29] Anonabox: a Tor hardware router (chermanowicz)
[3] Fun with Dependent Types in Haskell (lelf)
[50] Dronecode – Open source UAV platform (privong)
[6] The Power of Drug Color (samclemens)
[28] The First Spacewalk (elemeno)
[55] Fuzzing on Edison: field report (Nowaker)
[3] Distributed is not necessarily more scalable than centralized (mad44)
[102] An open source tool to generate a complete backend from a MySql database (jonseg)
[24] A Quick and Practical Reference for Tcpdump (madflojo)
[1] Be the First In-House Front-End Engineer at Shoptiques (YC W12) in NYC (OlgaVidisheva)
[54] Hive: Free unlimited cloud storage for you and your friends (rid)
[3] Highway Guardrail May Be Deadly, States Say (Deinos)
[19] Show HN: Trunk – Private links for you to collect and distribute digital content (dko)
[138] Guide List for Startups Applying to Y Combinator (kevinwdavid)
[140] The Space Shuttle’s Controversial Launch Abort Plan (ironchief)
[381] The Emails Snowden Sent to First Introduce His NSA Leaks (secfirstmd)
[3] Build a 'physical' traffic light (rmason)
[73] For business school graduates, investment banking is out and consulting is in (sebgr)
[81] Nixie – Wearable camera that can fly [video] (mhb)
[90] The Dutch Pension Plan (luu)
[42] In Search of Time’s Origin (dnetesn)
[363] One Less Password (cpeterso)
[5] Detecting the cadence of your client's data (huntermeyer)
[37] The Sveriges Riksbank Prize in Economic Sciences 2014 (srikar)
[100] Homebrew Cray-1A (nilicule)
[10] How to Avoid Delusional Thinking in Start-up Growth Strategy (boynamedsue)
[14] Show HN: FolioPanda – Create photo gallery websites from your Dropbox folder (taskstrike)
[33] Wrapping Desktop Apps with Docker (melbo)
[168] Why your first Rust FizzBuzz implementation may not work (chrismorgan)
[62] Charles Petzold Departing MSDN Magazine (pjmlp)
[58] Venture Capitalists Return to Backing Science Startups (adventured)
[1] JS experts and realtime systems engineers: Join Ex-Googler team at Lever in SF (nateps)
[52] Tamper: Chrome devtools extension for capturing and editing HTTP requests (adamnemecek)
[17] The Magazine: The Book (Year One), Free Download (Flenser)
[145] Since 2010, trolls have made 3 times as much money in court as real companies (prostoalex)
[5] Ilya Grigorik, from Google, on why we need HTTP 2.0 (stephenitis)
[76] Time-Lock Encryption (2011) (jeffreyrogers)
[332] From Novice to Master, and Back Again (walrus)
[79] Roger Ebert's Wikipedia (robbiet480)
[6] ISPs Are Throttling Encryption, Breaking Net Neutrality (doctorshady)
[156] Manipulate audio with a simple Python library (coppolaemilio)
[56] Show HN: Find bugs before your users do (pauljohncleary)
[6] Capturing the Potential of Outlier Ideas in the  Intelligence Community (2011) [pdf] (poindontcare)
[139] The fatal attraction of lead (Libertatea)
[103] Transducers.js Round 2 with Benchmarks (jlongster)
[86] Yii Framework 2.0.0 GA (thefsb)
[111] Building a F1 race simulator (rb2e)
[141] Fun with Shellshock (luu)
[44] YouTube Takes Manhattan (rpm4321)
[1] Naytev (YC S14) Is Hiring a Full Stack Engineer (etr71115)
[105] Making of “Introduction to A*” (phenylene)
[118] AngularJS Style Guide (harrisonp)
[114] Lwan: Experimental, scalable, high performance HTTP server (tombenner)
[4] Java is Pass-by-Value, Dammit (thisjepisje)
[61] COWL: A Confinement System for the Web (fla)
[227] A Doom Renderer written in Rust (adamnemecek)
[3] Nerd culture is destroying Silicon Valley [?] (sgy)
[418] Manyland (antoinec)
[74] Atari 2600 transistor-level simulation (frakturfreund)
[80] Lisp as an alternative to Java (2000) [pdf] (wtbob)
[4] In Silicon Valley Greed Is Good (fludlight)
[144] The Imminent Decentralized Computing Revolution (waterlesscloud)
[141] HTTP/2: The Long-Awaited Sequel (mattparlane)
[18] Reasons to use Bing (pepethecow)
[5] Ask HN: Essential Knowledge to Reboot Civilisation (peterpacz1)
[82] Creepy visitor tracking using Linkedin (aatteka)
[3] A note on a sports league scheduling problem (user_235711)
[152] Medieval Desktops (benbreen)
[57] Lisp Machine Manual, Hypertext Edition (networked)
[45] The Analog Keyboard Project: Text Input for Small Devices (mafuyu)
[6] Female gamer dev harrassment (aceperry)
[40] Researchers replicate Alzheimer’s brain cells in a petri dish (whyenot)
[151] Giant leap against Diabetes (uptown)
[22] Google CodeJam APAC Test (ripitrust)
[105] Nunjucks – A rich and powerful templating language for JavaScript by Mozilla (kolev)
[56] C++ unified call syntax: x.f(y) vs. f(x,y) [pdf] (tpush)
[6] How to succeed at Infrastructure Automation (ostrowski)
[46] Secretive X-37B Military Space Plane Could Land in California Tuesday (jabo)
