[121] Show HN: Powerful ASCII art editor designed for the Mac (lalmachado)
[95] Dallas health worker who tested positive for Ebola wore ‘full’ protective gear (cmrivers)
[108] HTTP/2: The Long-Awaited Sequel (mattparlane)
[139] From Novice to Master, and Back Again (walrus)
[168] ChromeOS will no longer support ext2/3/4 on external drives/SD cards (doublextremevil)
[12] Lwan: Experimental, scalable, high performance HTTP server (tombenner)
[30] Transcripts Kept Secret for 60 Years Bolster Defense of Oppenheimer’s Loyalty (dnetesn)
[94] Cops Use Seized Money from Non-Criminals to Buy BMWs, Clowns (electic)
[15] NSA May Have Undercover Operatives in Foreign Companies (dsr12)
[126] Medieval Desktops (benbreen)
[192] A Doom Renderer written in Rust (adamnemecek)
[71] Nunjucks – A rich and powerful templating language for JavaScript by Mozilla (kolev)
[36] Show HN: A Dockerized proxy to watch Netflix outside the US (StavrosK)
[95] The Open Source Data Science Masters (hooande)
[121] Giant leap against Diabetes (uptown)
[28] ESnext – Tomorrow’s JavaScript syntax today (tosh)
[24] Implementation of Arc in C (bhrgunatha)
[406] Manyland (antoinec)
[162] The Story of the PING Program (1997) (julien421)
[120] A Promising Pill, Not So Hard to Swallow (dnetesn)
[215] You Are Not Late (mbrubeck)
[4] X-37B plane can stay in space for years, power source? (MysticFear)
[25] Freezing out Fukushima's radioactive water (dingaling)
[4] Fun with Shellshock (luu)
[36] The vegetables of truth (joosters)
[70] How to Improve at Starcraft Efficiently [pdf] (sayemm)
[58] Killer Queen: A 10-Person Console Game (dnetesn)
[99] Toxo, the cysts in our brains from cats, can improve self-control (2013) (DLay)
[84] Remains of Alexander the Great's Father Confirmed Found (megafounder)
[15] Exponent (bpierre)
[36] Least worst golden key (zdw)
[260] Core Secrets: NSA Saboteurs in China and Germany (patrickgokey)
[182] The Microsoft Empire Reboots (aseem)
[163] Aptly: Owning Your Debian Distribution (smira)
[66] Pdf-tools: Emacs support library for PDF files (akakievich)
[60] Pro-Democracy Websites in Hong Kong Targeted with and Serving Malware (bindrpc)
[59] YC Startup School Live Notes (ryanSrich)
[66] The man who built the online attendance system for India’s government officials (aptwebapps)
[105] The Internet of Someone Else’s Things (BIackSwan)
[14] CS183B Lecture 5: Peter Thiel “Business Strategy and Monopoly Theory” Notes (bnjs)
[20] Show HN: Open-Source Parse (Startup School 2014) (bevenky)
[13] How to Start an Open Source Project (that people use) (barryclark)
[79] Ask HN: What do you use for PDF reports these days? (jguimont)
[54] When Keurig fights “coffee pirates,” who loses? Loyal consumers (danso)
[36] Gedanken: A Simple Typeless Language (1970) [pdf] (rutenspitz)
[96] What I Saw as an NFL Ball Boy (jhonovich)
[127] Things I Won't Work With: Peroxide Peroxides (joe_bleau)
[74] Decrypting Android Snapchat images (fla)
[74] Kaya: Declarative Reactive (david927)
[9] ISIS has threatened Twitter employees says CEO (mcenedella)
[33] Dynamic consensus filters (vishnupr)
[8] Why camera phones are our best shield against big government (mcenedella)
[146] A veteran teacher turned coach shadows two students for two days (MrMrtn)
[27] Learning from an animal that can regrow its head (pulkitpulkit)
[157] Our Journey to and Through YC (sama)
[125] Dropbox confirms that a bug within Selective Sync may have caused data loss (ghuntley)
[21] Modular, composable, typed optimizations in the tagless-final style (edwintorok)
[68] Show HN: One Adaptive API for Dropbox, Google Drive, OneDrive (cloudrail)
[216] Paul Graham and Jessica Livingston Interview [video] (ynotgiant)
[5] A Brief History of Tesla (KhalilK)
[1016] GitHub Student Developer Pack (dctrwatson)
[131] Microsoft’s Quantum Mechanics (finisterre)
[185] Rich Command Shells (BruceM)
[100] Behind League of Legends, E-Sports’s Main Attraction (murtali)
[28] Using knitr and pandoc to create reproducible scientific reports (leephillips)
[138] DEFCON Router Hacking Contest Reveals Major Vulnerabilities (Garbage)
[138] Spark Breaks Previous Large-Scale Sort Record (metronius)
[69] Lua metacompiler (walterbell)
[1] Help found URX's DevRel team to help build the connective fabric for mobile (jmilinovich)
[58] Front-end performance heatmap bookmarklet (leonvonblut)
[38] The Liar's Tell: Is Paul Ekman Stretching the Truth? (drjohnson)
[331] What will it take to run a 2-hour marathon? (neonkiwi)
[19] Stand by for Weather Map (daddy_drank)
[118] Move Fast, Don't Break Your API (ewang1)
[3] How the Kernel Manages Your Memory – Gustavo Duarte (poindontcare)
[65] Rare images document the centuries-long history of Africans in India (benbreen)
[324] Pigshell – Unix the Web (nmcfarl)
[7] The Similarity of the World in Gattaca and the World Elon Musk Envisions (davis)
[141] Excel.vim (johannh)
[200] Lecture 6: How to Start a Startup (kqr2)
[449] Move Fast and Break Nothing (bpierre)
[116] Alfred Anaya Put Secret Compartments in Cars. The DEA Put Him in Prison (2013) (hippich)
[104] Ride Sharing by the Numbers (ignatiusjr)
[17] Code-Pointer Integrity [pdf] (mustapha)
[648] Plastc Card (cktsai)
[4] Unity, one gaming development platform to unite them all, up for sale (ekianjo)
[293] Google Now vs. Siri vs. Cortana – The Great Knowledge Box Showdown (nreece)
[630] Tilde.Club: I had a couple drinks and woke up with 1,000 nerds (libovness)
[7] BookingBubble – Easy meeting room booking system (BogdanUK)
[66] Startup School Silicon Valley 2014 Live Stream (kevin)
[133] Edward Snowden’s Privacy Tips: “Get Rid of Dropbox,” Avoid Facebook and Google (malditojavi)
[64] Pash: An Open-Source Reimplementation of Windows PowerShell for Mono (mwcampbell)
[1] The future of Machine Learning – Mattermark is hiring (kevin_morrill)
[1022] The Horror of a 'Secure Golden Key' (jashkenas)
[79] 'Bad Paper' Explores the Underworld of Debt Collection (thejteam)
[248] How does a fighter jet lock onto and keep track of an enemy aircraft? (2013) (KhalilK)
[233] Judge Rejects Defense That FBI Illegally Hacked Silk Road, on a Technicality (ssclafani)
[1713] Hacker News API (kevin)
[14] Fish School Us on Wind Power (dnetesn)
[578] SQLite 3.8.7 is 50% faster than 3.7.17 (anon1385)
